# JRE version: OpenJDK Runtime Environment Temurin-22.0.1+8 (22.0.1+8) (build 22.0.1+8)
# Java VM: OpenJDK 64-Bit Server VM Temurin-22.0.1+8 (22.0.1+8, mixed mode, tiered, compressed oops, compressed class ptrs, g1 gc, windows-amd64)
GC Precious Log:
 CardTable entry size: 512
 Card Set container configuration: InlinePtr #cards 4 size 8 Array Of Cards #cards 16 size 48 Howl #buckets 8 coarsen threshold 3686 Howl Bitmap #cards 512 size 80 coarsen threshold 460 Card regions per heap region 1 cards per card region 4096
 CPUs: 12 total, 12 available
 Memory: 16016M
 Large Page Support: Disabled
 NUMA Support: Disabled
 Compressed Oops: Enabled (Zero based)
 Heap Region Size: 2M
 Heap Min Capacity: 8M
 Heap Initial Capacity: 252M
 Heap Max Capacity: 4006M
 Pre-touch: Disabled
 Parallel Workers: 10
 Concurrent Workers: 3
 Concurrent Refinement Workers: 10
 Periodic GC: Disabled
Heap:
 garbage-first heap   total reserved 4102144K, committed 104448K, used 85095K [0x0000000705a00000, 0x0000000800000000)
  region size 2048K, 15 young (30720K), 1 survivors (2048K)
 Metaspace       used 45531K, committed 46080K, reserved 1114112K
  class space    used 4991K, committed 5248K, reserved 1048576K
GC Heap History (20 events):
Event: 4.135 GC heap before
{Heap before GC invocations=5 (full 0):
 garbage-first heap   total reserved 4102144K, committed 32768K, used 22719K [0x0000000705a00000, 0x0000000800000000)
  region size 2048K, 9 young (18432K), 2 survivors (4096K)
 Metaspace       used 26416K, committed 26688K, reserved 1114112K
  class space    used 2830K, committed 2944K, reserved 1048576K
}
Event: 4.144 GC heap after
{Heap after GC invocations=6 (full 0):
 garbage-first heap   total reserved 4102144K, committed 32768K, used 10115K [0x0000000705a00000, 0x0000000800000000)
  region size 2048K, 2 young (4096K), 2 survivors (4096K)
 Metaspace       used 26416K, committed 26688K, reserved 1114112K
  class space    used 2830K, committed 2944K, reserved 1048576K
}
Event: 4.481 GC heap before
{Heap before GC invocations=6 (full 0):
 garbage-first heap   total reserved 4102144K, committed 32768K, used 24451K [0x0000000705a00000, 0x0000000800000000)
  region size 2048K, 9 young (18432K), 2 survivors (4096K)
 Metaspace       used 26911K, committed 27200K, reserved 1114112K
  class space    used 2881K, committed 3008K, reserved 1048576K
}
Event: 4.495 GC heap after
{Heap after GC invocations=7 (full 0):
 garbage-first heap   total reserved 4102144K, committed 32768K, used 12288K [0x0000000705a00000, 0x0000000800000000)
  region size 2048K, 2 young (4096K), 2 survivors (4096K)
 Metaspace       used 26911K, committed 27200K, reserved 1114112K
  class space    used 2881K, committed 3008K, reserved 1048576K
}
Event: 4.960 GC heap before
{Heap before GC invocations=7 (full 0):
 garbage-first heap   total reserved 4102144K, committed 32768K, used 26624K [0x0000000705a00000, 0x0000000800000000)
  region size 2048K, 9 young (18432K), 2 survivors (4096K)
 Metaspace       used 27158K, committed 27392K, reserved 1114112K
  class space    used 2901K, committed 3008K, reserved 1048576K
}
Event: 4.976 GC heap after
{Heap after GC invocations=8 (full 0):
 garbage-first heap   total reserved 4102144K, committed 145408K, used 13982K [0x0000000705a00000, 0x0000000800000000)
  region size 2048K, 1 young (2048K), 1 survivors (2048K)
 Metaspace       used 27158K, committed 27392K, reserved 1114112K
  class space    used 2901K, committed 3008K, reserved 1048576K
}
Event: 8.334 GC heap before
{Heap before GC invocations=8 (full 0):
 garbage-first heap   total reserved 4102144K, committed 145408K, used 132766K [0x0000000705a00000, 0x0000000800000000)
  region size 2048K, 42 young (86016K), 1 survivors (2048K)
 Metaspace       used 31373K, committed 31744K, reserved 1114112K
  class space    used 3340K, committed 3520K, reserved 1048576K
}
Event: 8.350 GC heap after
{Heap after GC invocations=9 (full 0):
 garbage-first heap   total reserved 4102144K, committed 145408K, used 24854K [0x0000000705a00000, 0x0000000800000000)
  region size 2048K, 5 young (10240K), 5 survivors (10240K)
 Metaspace       used 31373K, committed 31744K, reserved 1114112K
  class space    used 3340K, committed 3520K, reserved 1048576K
}
Event: 8.712 GC heap before
{Heap before GC invocations=9 (full 0):
 garbage-first heap   total reserved 4102144K, committed 145408K, used 43286K [0x0000000705a00000, 0x0000000800000000)
  region size 2048K, 15 young (30720K), 5 survivors (10240K)
 Metaspace       used 35704K, committed 35968K, reserved 1114112K
  class space    used 3889K, committed 4032K, reserved 1048576K
}
Event: 8.724 GC heap after
{Heap after GC invocations=10 (full 0):
 garbage-first heap   total reserved 4102144K, committed 145408K, used 24266K [0x0000000705a00000, 0x0000000800000000)
  region size 2048K, 1 young (2048K), 1 survivors (2048K)
 Metaspace       used 35704K, committed 35968K, reserved 1114112K
  class space    used 3889K, committed 4032K, reserved 1048576K
}
Event: 11.030 GC heap before
{Heap before GC invocations=11 (full 0):
 garbage-first heap   total reserved 4102144K, committed 81920K, used 81610K [0x0000000705a00000, 0x0000000800000000)
  region size 2048K, 29 young (59392K), 1 survivors (2048K)
 Metaspace       used 38254K, committed 38592K, reserved 1114112K
  class space    used 4156K, committed 4288K, reserved 1048576K
}
Event: 11.063 GC heap after
{Heap after GC invocations=12 (full 0):
 garbage-first heap   total reserved 4102144K, committed 98304K, used 38557K [0x0000000705a00000, 0x0000000800000000)
  region size 2048K, 6 young (12288K), 6 survivors (12288K)
 Metaspace       used 38254K, committed 38592K, reserved 1114112K
  class space    used 4156K, committed 4288K, reserved 1048576K
}
Event: 13.339 GC heap before
{Heap before GC invocations=12 (full 0):
 garbage-first heap   total reserved 4102144K, committed 98304K, used 79517K [0x0000000705a00000, 0x0000000800000000)
  region size 2048K, 26 young (53248K), 6 survivors (12288K)
 Metaspace       used 41007K, committed 41536K, reserved 1114112K
  class space    used 4514K, committed 4736K, reserved 1048576K
}
Event: 13.361 GC heap after
{Heap after GC invocations=13 (full 0):
 garbage-first heap   total reserved 4102144K, committed 98304K, used 34390K [0x0000000705a00000, 0x0000000800000000)
  region size 2048K, 1 young (2048K), 1 survivors (2048K)
 Metaspace       used 41007K, committed 41536K, reserved 1114112K
  class space    used 4514K, committed 4736K, reserved 1048576K
}
Event: 15.623 GC heap before
{Heap before GC invocations=13 (full 0):
 garbage-first heap   total reserved 4102144K, committed 98304K, used 81494K [0x0000000705a00000, 0x0000000800000000)
  region size 2048K, 24 young (49152K), 1 survivors (2048K)
 Metaspace       used 41076K, committed 41536K, reserved 1114112K
  class space    used 4514K, committed 4736K, reserved 1048576K
}
Event: 15.661 GC heap after
{Heap after GC invocations=14 (full 0):
 garbage-first heap   total reserved 4102144K, committed 104448K, used 54989K [0x0000000705a00000, 0x0000000800000000)
  region size 2048K, 3 young (6144K), 3 survivors (6144K)
 Metaspace       used 41076K, committed 41536K, reserved 1114112K
  class space    used 4514K, committed 4736K, reserved 1048576K
}
Event: 18.543 GC heap before
{Heap before GC invocations=14 (full 0):
 garbage-first heap   total reserved 4102144K, committed 104448K, used 83661K [0x0000000705a00000, 0x0000000800000000)
  region size 2048K, 18 young (36864K), 3 survivors (6144K)
 Metaspace       used 42068K, committed 42624K, reserved 1114112K
  class space    used 4632K, committed 4864K, reserved 1048576K
}
Event: 18.556 GC heap after
{Heap after GC invocations=15 (full 0):
 garbage-first heap   total reserved 4102144K, committed 104448K, used 59478K [0x0000000705a00000, 0x0000000800000000)
  region size 2048K, 2 young (4096K), 2 survivors (4096K)
 Metaspace       used 42068K, committed 42624K, reserved 1114112K
  class space    used 4632K, committed 4864K, reserved 1048576K
}
Event: 20.001 GC heap before
{Heap before GC invocations=16 (full 0):
 garbage-first heap   total reserved 4102144K, committed 104448K, used 88150K [0x0000000705a00000, 0x0000000800000000)
  region size 2048K, 16 young (32768K), 2 survivors (4096K)
 Metaspace       used 42557K, committed 43136K, reserved 1114112K
  class space    used 4682K, committed 4928K, reserved 1048576K
}
Event: 20.009 GC heap after
{Heap after GC invocations=17 (full 0):
 garbage-first heap   total reserved 4102144K, committed 104448K, used 60519K [0x0000000705a00000, 0x0000000800000000)
  region size 2048K, 1 young (2048K), 1 survivors (2048K)
 Metaspace       used 42557K, committed 43136K, reserved 1114112K
  class space    used 4682K, committed 4928K, reserved 1048576K
}

